2022/06/21 15:04:28 [notice] 1#1: using the "epoll" event method
2022/06/21 15:04:28 [notice] 1#1: nginx/1.21.6
2022/06/21 15:04:28 [notice] 1#1: built by gcc 10.3.1 20211027 (Alpine 10.3.1_git20211027) 
2022/06/21 15:04:28 [notice] 1#1: OS: Linux 5.10.76-linuxkit
2022/06/21 15:04:28 [notice] 1#1: getrlimit(RLIMIT_NOFILE): 1048576:1048576
2022/06/21 15:04:28 [notice] 1#1: start worker processes
2022/06/21 15:04:28 [notice] 1#1: start worker process 34
2022/06/21 15:04:28 [notice] 1#1: start worker process 35
2022/06/21 15:04:28 [notice] 1#1: start worker process 36
2022/06/21 15:04:28 [notice] 1#1: start worker process 37
2022/06/21 15:06:12 [notice] 1#1: signal 3 (SIGQUIT) received, shutting down
2022/06/21 15:06:12 [notice] 34#34: gracefully shutting down
2022/06/21 15:06:12 [notice] 34#34: exiting
2022/06/21 15:06:12 [notice] 37#37: gracefully shutting down
2022/06/21 15:06:12 [notice] 37#37: exiting
2022/06/21 15:06:12 [notice] 36#36: gracefully shutting down
2022/06/21 15:06:12 [notice] 36#36: exiting
2022/06/21 15:06:12 [notice] 35#35: gracefully shutting down
2022/06/21 15:06:12 [notice] 35#35: exiting
2022/06/21 15:06:12 [notice] 34#34: exit
2022/06/21 15:06:12 [notice] 37#37: exit
2022/06/21 15:06:12 [notice] 36#36: exit
2022/06/21 15:06:12 [notice] 35#35: exit
2022/06/21 15:06:12 [notice] 1#1: signal 17 (SIGCHLD) received from 34
2022/06/21 15:06:12 [notice] 1#1: worker process 34 exited with code 0
2022/06/21 15:06:12 [notice] 1#1: worker process 36 exited with code 0
2022/06/21 15:06:12 [notice] 1#1: worker process 37 exited with code 0
2022/06/21 15:06:12 [notice] 1#1: worker process 35 exited with code 0
2022/06/21 15:06:12 [notice] 1#1: exit
2022/06/21 15:07:10 [notice] 1#1: using the "epoll" event method
2022/06/21 15:07:10 [notice] 1#1: nginx/1.21.6
2022/06/21 15:07:10 [notice] 1#1: built by gcc 10.3.1 20211027 (Alpine 10.3.1_git20211027) 
2022/06/21 15:07:10 [notice] 1#1: OS: Linux 5.10.76-linuxkit
2022/06/21 15:07:10 [notice] 1#1: getrlimit(RLIMIT_NOFILE): 1048576:1048576
2022/06/21 15:07:10 [notice] 1#1: start worker processes
2022/06/21 15:07:10 [notice] 1#1: start worker process 34
2022/06/21 15:07:10 [notice] 1#1: start worker process 35
2022/06/21 15:07:10 [notice] 1#1: start worker process 36
2022/06/21 15:07:10 [notice] 1#1: start worker process 37
2022/06/21 15:08:34 [notice] 1#1: signal 3 (SIGQUIT) received, shutting down
2022/06/21 15:08:34 [notice] 37#37: gracefully shutting down
2022/06/21 15:08:34 [notice] 37#37: exiting
2022/06/21 15:08:34 [notice] 35#35: gracefully shutting down
2022/06/21 15:08:34 [notice] 35#35: exiting
2022/06/21 15:08:34 [notice] 36#36: gracefully shutting down
2022/06/21 15:08:34 [notice] 34#34: gracefully shutting down
2022/06/21 15:08:34 [notice] 37#37: exit
2022/06/21 15:08:34 [notice] 35#35: exit
2022/06/21 15:08:34 [notice] 36#36: exiting
2022/06/21 15:08:34 [notice] 34#34: exiting
2022/06/21 15:08:34 [notice] 34#34: exit
2022/06/21 15:08:34 [notice] 36#36: exit
2022/06/21 15:08:34 [notice] 1#1: signal 17 (SIGCHLD) received from 35
2022/06/21 15:08:34 [notice] 1#1: worker process 34 exited with code 0
2022/06/21 15:08:34 [notice] 1#1: worker process 35 exited with code 0
2022/06/21 15:08:34 [notice] 1#1: signal 29 (SIGIO) received
2022/06/21 15:08:34 [notice] 1#1: signal 17 (SIGCHLD) received from 34
2022/06/21 15:08:34 [notice] 1#1: worker process 36 exited with code 0
2022/06/21 15:08:34 [notice] 1#1: worker process 37 exited with code 0
2022/06/21 15:08:34 [notice] 1#1: exit
2022/07/18 11:20:20 [notice] 1#1: using the "epoll" event method
2022/07/18 11:20:20 [notice] 1#1: nginx/1.23.0
2022/07/18 11:20:20 [notice] 1#1: built by gcc 11.2.1 20220219 (Alpine 11.2.1_git20220219) 
2022/07/18 11:20:20 [notice] 1#1: OS: Linux 5.10.104-linuxkit
2022/07/18 11:20:20 [notice] 1#1: getrlimit(RLIMIT_NOFILE): 1048576:1048576
2022/07/18 11:20:20 [notice] 1#1: start worker processes
2022/07/18 11:20:20 [notice] 1#1: start worker process 32
2022/07/18 11:20:20 [notice] 1#1: start worker process 33
2022/07/18 11:20:20 [notice] 1#1: start worker process 34
2022/07/18 11:20:20 [notice] 1#1: start worker process 35
2022/07/18 11:20:41 [error] 33#33: *2 open() "/usr/share/nginx/html/favicon.ico" failed (2: No such file or directory), client: 172.18.0.1, server: localhost, request: "GET /favicon.ico HTTP/1.1", host: "localhost", referrer: "http://localhost/"
2022/07/18 11:47:43 [notice] 1#1: signal 3 (SIGQUIT) received, shutting down
2022/07/18 11:47:43 [notice] 34#34: gracefully shutting down
2022/07/18 11:47:43 [notice] 34#34: exiting
2022/07/18 11:47:43 [notice] 35#35: gracefully shutting down
2022/07/18 11:47:43 [notice] 32#32: gracefully shutting down
2022/07/18 11:47:43 [notice] 33#33: gracefully shutting down
2022/07/18 11:47:43 [notice] 34#34: exit
2022/07/18 11:47:43 [notice] 35#35: exiting
2022/07/18 11:47:43 [notice] 32#32: exiting
2022/07/18 11:47:43 [notice] 33#33: exiting
2022/07/18 11:47:43 [notice] 35#35: exit
2022/07/18 11:47:43 [notice] 32#32: exit
2022/07/18 11:47:43 [notice] 33#33: exit
2022/07/18 11:47:43 [notice] 1#1: signal 17 (SIGCHLD) received from 34
2022/07/18 11:47:43 [notice] 1#1: worker process 34 exited with code 0
2022/07/18 11:47:43 [notice] 1#1: signal 29 (SIGIO) received
2022/07/18 11:47:43 [notice] 1#1: signal 17 (SIGCHLD) received from 33
2022/07/18 11:47:43 [notice] 1#1: worker process 33 exited with code 0
2022/07/18 11:47:43 [notice] 1#1: worker process 35 exited with code 0
2022/07/18 11:47:43 [notice] 1#1: signal 17 (SIGCHLD) received from 32
2022/07/18 11:47:43 [notice] 1#1: worker process 32 exited with code 0
2022/07/18 11:47:43 [notice] 1#1: exit
2022/07/18 12:02:51 [notice] 1#1: using the "epoll" event method
2022/07/18 12:02:51 [notice] 1#1: nginx/1.23.0
2022/07/18 12:02:51 [notice] 1#1: built by gcc 11.2.1 20220219 (Alpine 11.2.1_git20220219) 
2022/07/18 12:02:51 [notice] 1#1: OS: Linux 5.10.104-linuxkit
2022/07/18 12:02:51 [notice] 1#1: getrlimit(RLIMIT_NOFILE): 1048576:1048576
2022/07/18 12:02:51 [notice] 1#1: start worker processes
2022/07/18 12:02:51 [notice] 1#1: start worker process 32
2022/07/18 12:02:51 [notice] 1#1: start worker process 33
2022/07/18 12:02:51 [notice] 1#1: start worker process 34
2022/07/18 12:02:51 [notice] 1#1: start worker process 35
2022/07/18 12:06:15 [notice] 1#1: signal 3 (SIGQUIT) received, shutting down
2022/07/18 12:06:15 [notice] 33#33: gracefully shutting down
2022/07/18 12:06:15 [notice] 33#33: exiting
2022/07/18 12:06:15 [notice] 34#34: gracefully shutting down
2022/07/18 12:06:15 [notice] 32#32: gracefully shutting down
2022/07/18 12:06:15 [notice] 35#35: gracefully shutting down
2022/07/18 12:06:15 [notice] 35#35: exiting
2022/07/18 12:06:15 [notice] 33#33: exit
2022/07/18 12:06:15 [notice] 34#34: exiting
2022/07/18 12:06:15 [notice] 32#32: exiting
2022/07/18 12:06:15 [notice] 35#35: exit
2022/07/18 12:06:15 [notice] 34#34: exit
2022/07/18 12:06:15 [notice] 32#32: exit
2022/07/18 12:06:15 [notice] 1#1: signal 17 (SIGCHLD) received from 33
2022/07/18 12:06:15 [notice] 1#1: worker process 33 exited with code 0
2022/07/18 12:06:15 [notice] 1#1: worker process 34 exited with code 0
2022/07/18 12:06:15 [notice] 1#1: signal 29 (SIGIO) received
2022/07/18 12:06:15 [notice] 1#1: signal 17 (SIGCHLD) received from 34
2022/07/18 12:06:15 [notice] 1#1: signal 17 (SIGCHLD) received from 35
2022/07/18 12:06:15 [notice] 1#1: worker process 35 exited with code 0
2022/07/18 12:06:15 [notice] 1#1: worker process 32 exited with code 0
2022/07/18 12:06:15 [notice] 1#1: exit
2022/07/18 12:09:20 [notice] 1#1: using the "epoll" event method
2022/07/18 12:09:20 [notice] 1#1: nginx/1.23.0
2022/07/18 12:09:20 [notice] 1#1: built by gcc 11.2.1 20220219 (Alpine 11.2.1_git20220219) 
2022/07/18 12:09:20 [notice] 1#1: OS: Linux 5.10.104-linuxkit
2022/07/18 12:09:20 [notice] 1#1: getrlimit(RLIMIT_NOFILE): 1048576:1048576
2022/07/18 12:09:20 [notice] 1#1: start worker processes
2022/07/18 12:09:20 [notice] 1#1: start worker process 32
2022/07/18 12:09:20 [notice] 1#1: start worker process 33
2022/07/18 12:09:20 [notice] 1#1: start worker process 34
2022/07/18 12:09:20 [notice] 1#1: start worker process 35
2022/07/18 12:28:40 [notice] 1#1: using the "epoll" event method
2022/07/18 12:28:40 [notice] 1#1: nginx/1.23.0
2022/07/18 12:28:40 [notice] 1#1: built by gcc 11.2.1 20220219 (Alpine 11.2.1_git20220219) 
2022/07/18 12:28:40 [notice] 1#1: OS: Linux 5.15.0-41-generic
2022/07/18 12:28:40 [notice] 1#1: getrlimit(RLIMIT_NOFILE): 1048576:1048576
2022/07/18 12:28:40 [notice] 1#1: start worker processes
2022/07/18 12:28:40 [notice] 1#1: start worker process 32
2022/07/18 12:28:40 [notice] 1#1: start worker process 33
2022/07/18 12:28:40 [notice] 1#1: start worker process 34
2022/07/18 12:28:40 [notice] 1#1: start worker process 35
2022/07/18 12:41:56 [notice] 1#1: using the "epoll" event method
2022/07/18 12:41:56 [notice] 1#1: nginx/1.23.0
2022/07/18 12:41:56 [notice] 1#1: built by gcc 11.2.1 20220219 (Alpine 11.2.1_git20220219) 
2022/07/18 12:41:56 [notice] 1#1: OS: Linux 5.15.0-41-generic
2022/07/18 12:41:56 [notice] 1#1: getrlimit(RLIMIT_NOFILE): 1048576:1048576
2022/07/18 12:41:56 [notice] 1#1: start worker processes
2022/07/18 12:41:56 [notice] 1#1: start worker process 32
2022/07/18 12:41:56 [notice] 1#1: start worker process 33
2022/07/18 12:41:56 [notice] 1#1: start worker process 34
2022/07/18 12:41:56 [notice] 1#1: start worker process 35
2022/07/18 12:42:39 [error] 32#32: *1 open() "/usr/share/nginx/html/favicon.ico" failed (2: No such file or directory), client: 172.18.0.1, server: localhost, request: "GET /favicon.ico HTTP/1.1", host: "localhost", referrer: "http://localhost/"
2022/07/18 12:45:19 [notice] 1#1: signal 3 (SIGQUIT) received, shutting down
2022/07/18 12:45:19 [notice] 32#32: gracefully shutting down
2022/07/18 12:45:19 [notice] 34#34: gracefully shutting down
2022/07/18 12:45:19 [notice] 33#33: gracefully shutting down
2022/07/18 12:45:19 [notice] 32#32: exiting
2022/07/18 12:45:19 [notice] 34#34: exiting
2022/07/18 12:45:19 [notice] 33#33: exiting
2022/07/18 12:45:19 [notice] 32#32: exit
2022/07/18 12:45:19 [notice] 34#34: exit
2022/07/18 12:45:19 [notice] 33#33: exit
2022/07/18 12:45:19 [notice] 35#35: gracefully shutting down
2022/07/18 12:45:19 [notice] 35#35: exiting
2022/07/18 12:45:19 [notice] 35#35: exit
2022/07/18 12:45:19 [notice] 1#1: signal 17 (SIGCHLD) received from 35
2022/07/18 12:45:19 [notice] 1#1: worker process 32 exited with code 0
2022/07/18 12:45:19 [notice] 1#1: worker process 33 exited with code 0
2022/07/18 12:45:19 [notice] 1#1: worker process 35 exited with code 0
2022/07/18 12:45:19 [notice] 1#1: signal 29 (SIGIO) received
2022/07/18 12:45:19 [notice] 1#1: signal 17 (SIGCHLD) received from 33
2022/07/18 12:45:19 [notice] 1#1: signal 17 (SIGCHLD) received from 34
2022/07/18 12:45:19 [notice] 1#1: worker process 34 exited with code 0
2022/07/18 12:45:19 [notice] 1#1: exit
2022/08/17 19:10:59 [notice] 1#1: using the "epoll" event method
2022/08/17 19:10:59 [notice] 1#1: nginx/1.23.1
2022/08/17 19:10:59 [notice] 1#1: built by gcc 11.2.1 20220219 (Alpine 11.2.1_git20220219) 
2022/08/17 19:10:59 [notice] 1#1: OS: Linux 5.15.0-46-generic
2022/08/17 19:10:59 [notice] 1#1: getrlimit(RLIMIT_NOFILE): 1024:524288
2022/08/17 19:10:59 [notice] 1#1: start worker processes
2022/08/17 19:10:59 [notice] 1#1: start worker process 33
2022/08/17 19:10:59 [notice] 1#1: start worker process 34
2022/08/17 19:10:59 [notice] 1#1: start worker process 35
2022/08/17 19:10:59 [notice] 1#1: start worker process 36
2022/08/17 19:17:30 [error] 34#34: *1 open() "/usr/share/nginx/html/favicon.ico" failed (2: No such file or directory), client: 172.18.0.1, server: localhost, request: "GET /favicon.ico HTTP/1.1", host: "localhost", referrer: "http://localhost/"
